<?xml version="1.0" encoding="UTF-8"?>
<testsuite name="EMPTY_NAME" tests="1" skipped="0" failures="0" errors="0" timestamp="2022-04-08T05:50:37" hostname="CHBOGML-112701" time="13.064">
  <properties/>
  <testcase name="Verificar el funcionamiento del simulador de canon financiero ingresando datos erroneos" classname="EMPTY_NAME" time="13.064"/>
  <system-out><![CDATA[Presenta los siguiente errores: 
El campo no cumple con el valor mínimo $ 10,000,000
El campo no cumple con el valor máximo 120
]]></system-out>
  <system-err><![CDATA[abr 08, 2022 12:50:37 AM org.openqa.selenium.remote.DesiredCapabilities chrome
INFORMACIÓN: Using `new ChromeOptions()` is preferred to `DesiredCapabilities.chrome()`
Starting ChromeDriver 99.0.4844.51 (d537ec02474b5afe23684e7963d538896c63ac77-refs/branch-heads/4844@{#875}) on port 22046
Only local connections are allowed.
Please see https://chromedriver.chromium.org/security-considerations for suggestions on keeping ChromeDriver safe.
ChromeDriver was started successfully.
[1649397040.682][WARNING]: This version of ChromeDriver has not been tested with Chrome version 100.
abr 08, 2022 12:50:40 AM org.openqa.selenium.remote.ProtocolHandshake createSession
INFORMACIÓN: Detected dialect: W3C
[Test worker] INFO net.serenitybdd.core.Serenity - 
        __    _____ _____ ____ _____   ____   _    ____  ____  _____ ____  
  _     \ \  |_   _| ____/ ___|_   _| |  _ \ / \  / ___|/ ___|| ____|  _ \ 
 (_)_____| |   | | |  _| \___ \ | |   | |_) / _ \ \___ \\___ \|  _| | | | |
  _|_____| |   | | | |___ ___) || |   |  __/ ___ \ ___) |___) | |___| |_| |
 (_)     | |   |_| |_____|____/ |_|   |_| /_/   \_\____/|____/|_____|____/ 
        /_/                                                                

TEST PASSED: Verificar el funcionamiento del simulador de canon financiero ingresando datos erroneos
----------------------------------------------------------------------------
]]></system-err>
</testsuite>
