<?xml version="1.0" encoding="UTF-8"?>
<testsuite name="EMPTY_NAME" tests="1" skipped="0" failures="0" errors="0" timestamp="2022-04-08T17:22:50" hostname="CHBOGML-112701" time="25.658">
  <properties/>
  <testcase name="Verificar el funcionamiento del simulador de canon financiero ingresando datos erroneos" classname="EMPTY_NAME" time="25.658"/>
  <system-out><![CDATA[]]></system-out>
  <system-err><![CDATA[abr 08, 2022 12:22:50 PM org.openqa.selenium.remote.DesiredCapabilities chrome
INFORMACIÓN: Using `new ChromeOptions()` is preferred to `DesiredCapabilities.chrome()`
Starting ChromeDriver 100.0.4896.60 (6a5d10861ce8de5fce22564658033b43cb7de047-refs/branch-heads/4896@{#875}) on port 33886
Only local connections are allowed.
Please see https://chromedriver.chromium.org/security-considerations for suggestions on keeping ChromeDriver safe.
ChromeDriver was started successfully.
abr 08, 2022 12:22:52 PM org.openqa.selenium.remote.ProtocolHandshake createSession
INFORMACIÓN: Detected dialect: W3C
[Test worker] INFO net.serenitybdd.core.Serenity - 
        __    _____ _____ ____ _____   ____   _    ____  ____  _____ ____  
  _     \ \  |_   _| ____/ ___|_   _| |  _ \ / \  / ___|/ ___|| ____|  _ \ 
 (_)_____| |   | | |  _| \___ \ | |   | |_) / _ \ \___ \\___ \|  _| | | | |
  _|_____| |   | | | |___ ___) || |   |  __/ ___ \ ___) |___) | |___| |_| |
 (_)     | |   |_| |_____|____/ |_|   |_| /_/   \_\____/|____/|_____|____/ 
        /_/                                                                

TEST PASSED: Verificar el funcionamiento del simulador de canon financiero ingresando datos erroneos
----------------------------------------------------------------------------
]]></system-err>
</testsuite>
